<?xml version="1.0" encoding="UTF-8"?>
<!-- Generated by org.testng.reporters.JUnitReportReporter -->
<testsuite skipped="0" hostname="Balamuragan" name="com.skillassure.happytrip.page.AdminLogin" tests="1" failures="0" timestamp="2020-07-02T13:19:49 IST" time="1.246" errors="0">
  <testcase name="login" time="1.246" classname="com.skillassure.happytrip.page.AdminLogin"/>
  <system-out/>
</testsuite> <!-- com.skillassure.happytrip.page.AdminLogin -->
