<?xml version="1.0" encoding="UTF-8"?>
<!-- Generated by org.testng.reporters.JUnitReportReporter -->
<testsuite skipped="0" hostname="Balamuragan" name="com.skillassure.happytrip.page.Login" tests="1" failures="0" timestamp="2020-07-02T20:17:58 IST" time="0.915" errors="0">
  <testcase name="login" time="0.915" classname="com.skillassure.happytrip.page.Login"/>
  <system-out>
Admin Loged In to WebApplication HappyTrip  </system-out>
</testsuite> <!-- com.skillassure.happytrip.page.Login -->
